2023-11-20 21:34:27.475 UTC [1785] LOG:  starting PostgreSQL 13.12 (Ubuntu 13.12-1.pgdg20.04+1) on x86_64-pc-linux-gnu, compiled by gcc (Ubuntu 9.4.0-1ubuntu1~20.04.1) 9.4.0, 64-bit
2023-11-20 21:34:27.475 UTC [1785] LOG:  listening on IPv4 address "127.0.0.1", port 5432
2023-11-20 21:34:27.493 UTC [1785] LOG:  listening on Unix socket "/var/run/postgresql/.s.PGSQL.5432"
2023-11-20 21:34:27.595 UTC [1811] LOG:  database system was shut down at 2023-11-20 21:34:25 UTC
2023-11-20 21:34:27.672 UTC [1785] LOG:  database system is ready to accept connections
2023-11-20 21:47:07.092 UTC [2546] ERROR:  relation "instruct" does not exist at character 15
2023-11-20 21:47:07.092 UTC [2546] STATEMENT:  select * from instruct
2023-11-20 22:03:08.035 UTC [1815] WARNING:  could not open statistics file "pg_stat_tmp/global.stat": Operation not permitted
2023-11-20 22:14:08.236 UTC [1815] WARNING:  could not open statistics file "pg_stat_tmp/global.stat": Operation not permitted
2023-11-20 22:32:48.502 UTC [4680] WARNING:  could not open statistics file "pg_stat_tmp/global.stat": Operation not permitted
2023-11-20 22:40:08.710 UTC [5024] WARNING:  could not open statistics file "pg_stat_tmp/global.stat": Operation not permitted
2023-11-20 22:52:29.061 UTC [5591] WARNING:  could not open statistics file "pg_stat_tmp/global.stat": Operation not permitted
2023-11-20 23:15:09.293 UTC [6643] WARNING:  could not open statistics file "pg_stat_tmp/global.stat": Operation not permitted
2023-11-20 23:44:50.793 UTC [1815] WARNING:  could not open statistics file "pg_stat_tmp/global.stat": Operation not permitted
2023-11-20 23:57:38.409 UTC [7137] WARNING:  could not open statistics file "pg_stat_tmp/global.stat": Operation not permitted
2023-11-20 23:57:58.408 UTC [7161] WARNING:  could not open statistics file "pg_stat_tmp/global.stat": Operation not permitted
2023-11-21 00:00:58.464 UTC [7302] WARNING:  could not open statistics file "pg_stat_tmp/global.stat": Operation not permitted
2023-11-21 00:26:38.831 UTC [8493] WARNING:  could not open statistics file "pg_stat_tmp/global.stat": Operation not permitted
2023-11-21 00:26:58.881 UTC [8516] WARNING:  could not open statistics file "pg_stat_tmp/global.stat": Operation not permitted
2023-11-21 00:43:39.077 UTC [9288] WARNING:  could not open statistics file "pg_stat_tmp/global.stat": Operation not permitted
2023-11-21 01:04:59.494 UTC [10280] WARNING:  could not open statistics file "pg_stat_tmp/global.stat": Operation not permitted
2023-11-21 01:14:59.673 UTC [10744] WARNING:  could not open statistics file "pg_stat_tmp/global.stat": Operation not permitted
2023-11-21 01:23:59.836 UTC [11171] WARNING:  could not open statistics file "pg_stat_tmp/global.stat": Operation not permitted
2023-11-21 01:38:00.029 UTC [11823] WARNING:  could not open statistics file "pg_stat_tmp/global.stat": Operation not permitted
2023-11-21 01:49:20.276 UTC [12345] WARNING:  could not open statistics file "pg_stat_tmp/global.stat": Operation not permitted
2023-11-21 02:51:14.520 UTC [1815] WARNING:  could not open statistics file "pg_stat_tmp/global.stat": Operation not permitted
2023-11-21 06:38:24.334 UTC [1815] WARNING:  could not open statistics file "pg_stat_tmp/global.stat": Operation not permitted
2023-11-21 06:39:05.694 UTC [1815] WARNING:  could not open statistics file "pg_stat_tmp/global.stat": Operation not permitted
2023-11-21 06:41:05.736 UTC [1815] WARNING:  could not open statistics file "pg_stat_tmp/global.stat": Operation not permitted
2023-11-21 06:41:44.336 UTC [1815] WARNING:  could not open statistics file "pg_stat_tmp/global.stat": Operation not permitted
2023-11-21 06:47:44.526 UTC [1815] WARNING:  could not open statistics file "pg_stat_tmp/global.stat": Operation not permitted
2023-11-21 06:56:05.974 UTC [1815] WARNING:  could not open statistics file "pg_stat_tmp/global.stat": Operation not permitted
2023-11-21 07:02:06.169 UTC [1815] WARNING:  could not open statistics file "pg_stat_tmp/global.stat": Operation not permitted
2023-11-21 07:04:24.716 UTC [1815] WARNING:  could not open statistics file "pg_stat_tmp/global.stat": Operation not permitted
2023-11-21 07:14:24.928 UTC [1815] WARNING:  could not open statistics file "pg_stat_tmp/global.stat": Operation not permitted
2023-11-21 07:15:24.946 UTC [1815] WARNING:  could not open statistics file "pg_stat_tmp/global.stat": Operation not permitted
2023-11-21 07:31:06.604 UTC [1815] WARNING:  could not open statistics file "pg_stat_tmp/global.stat": Operation not permitted
2023-11-21 07:33:45.279 UTC [1815] WARNING:  could not open statistics file "pg_stat_tmp/global.stat": Operation not permitted
2023-11-21 08:03:53.979 UTC [1815] WARNING:  could not open statistics file "pg_stat_tmp/global.stat": Operation not permitted
2023-11-21 08:35:54.433 UTC [1815] WARNING:  could not open statistics file "pg_stat_tmp/global.stat": Operation not permitted
2023-11-21 08:38:14.304 UTC [1815] WARNING:  could not open statistics file "pg_stat_tmp/global.stat": Operation not permitted
2023-11-21 08:56:34.630 UTC [20199] WARNING:  could not open statistics file "pg_stat_tmp/global.stat": Operation not permitted
2023-11-21 09:01:54.870 UTC [1815] WARNING:  could not open statistics file "pg_stat_tmp/global.stat": Operation not permitted
2023-11-21 09:09:14.762 UTC [1815] WARNING:  could not open statistics file "pg_stat_tmp/global.stat": Operation not permitted
2023-11-21 09:09:34.787 UTC [1815] WARNING:  could not open statistics file "pg_stat_tmp/global.stat": Operation not permitted
2023-11-21 09:10:34.807 UTC [1815] WARNING:  could not open statistics file "pg_stat_tmp/global.stat": Operation not permitted
2023-11-21 09:18:34.913 UTC [1815] WARNING:  could not open statistics file "pg_stat_tmp/global.stat": Operation not permitted
2023-11-21 09:25:35.072 UTC [1815] WARNING:  could not open statistics file "pg_stat_tmp/global.stat": Operation not permitted
2023-11-21 09:32:35.152 UTC [1815] WARNING:  could not open statistics file "pg_stat_tmp/global.stat": Operation not permitted
2023-11-21 09:38:15.235 UTC [1815] WARNING:  could not open statistics file "pg_stat_tmp/global.stat": Operation not permitted
2023-11-21 09:40:55.505 UTC [1815] WARNING:  could not open statistics file "pg_stat_tmp/global.stat": Operation not permitted
2023-11-21 09:54:51.278 UTC [1815] WARNING:  could not open statistics file "pg_stat_tmp/global.stat": Operation not permitted
2023-11-21 10:02:11.516 UTC [1815] WARNING:  could not open statistics file "pg_stat_tmp/global.stat": Operation not permitted
2023-11-21 10:03:51.417 UTC [1815] WARNING:  could not open statistics file "pg_stat_tmp/global.stat": Operation not permitted
2023-11-21 10:22:11.820 UTC [1815] WARNING:  could not open statistics file "pg_stat_tmp/global.stat": Operation not permitted
2023-11-21 10:23:11.801 UTC [1815] WARNING:  could not open statistics file "pg_stat_tmp/global.stat": Operation not permitted
2023-11-21 10:23:31.799 UTC [1815] WARNING:  could not open statistics file "pg_stat_tmp/global.stat": Operation not permitted
2023-11-21 10:29:31.904 UTC [1815] WARNING:  could not open statistics file "pg_stat_tmp/global.stat": Operation not permitted
2023-11-21 10:32:11.926 UTC [1815] WARNING:  could not open statistics file "pg_stat_tmp/global.stat": Operation not permitted
2023-11-21 10:41:32.081 UTC [1815] WARNING:  could not open statistics file "pg_stat_tmp/global.stat": Operation not permitted
2023-11-21 10:47:12.136 UTC [1815] WARNING:  could not open statistics file "pg_stat_tmp/global.stat": Operation not permitted
2023-11-21 11:11:52.529 UTC [1815] WARNING:  could not open statistics file "pg_stat_tmp/global.stat": Operation not permitted
2023-11-21 11:18:12.781 UTC [1815] WARNING:  could not open statistics file "pg_stat_tmp/global.stat": Operation not permitted
2023-11-21 11:25:32.962 UTC [1815] WARNING:  could not open statistics file "pg_stat_tmp/global.stat": Operation not permitted
2023-11-21 11:28:33.017 UTC [1815] WARNING:  could not open statistics file "pg_stat_tmp/global.stat": Operation not permitted
2023-11-21 11:41:52.998 UTC [1815] WARNING:  could not open statistics file "pg_stat_tmp/global.stat": Operation not permitted
2023-11-21 11:47:33.478 UTC [1815] WARNING:  could not open statistics file "pg_stat_tmp/global.stat": Operation not permitted
2023-11-21 11:48:53.104 UTC [1815] WARNING:  could not open statistics file "pg_stat_tmp/global.stat": Operation not permitted
2023-11-21 11:54:53.192 UTC [1815] WARNING:  could not open statistics file "pg_stat_tmp/global.stat": Operation not permitted
2023-11-21 11:56:13.290 UTC [1815] WARNING:  could not open statistics file "pg_stat_tmp/global.stat": Operation not permitted
2023-11-21 12:10:13.515 UTC [1815] WARNING:  could not open statistics file "pg_stat_tmp/global.stat": Operation not permitted
2023-11-21 12:16:13.670 UTC [1815] WARNING:  could not open statistics file "pg_stat_tmp/global.stat": Operation not permitted
2023-11-21 12:17:13.679 UTC [1815] WARNING:  could not open statistics file "pg_stat_tmp/global.stat": Operation not permitted
2023-11-21 12:19:13.719 UTC [1815] WARNING:  could not open statistics file "pg_stat_tmp/global.stat": Operation not permitted
2023-11-21 12:27:53.695 UTC [1815] WARNING:  could not open statistics file "pg_stat_tmp/global.stat": Operation not permitted
2023-11-21 12:29:13.853 UTC [1815] WARNING:  could not open statistics file "pg_stat_tmp/global.stat": Operation not permitted
2023-11-21 12:30:53.726 UTC [1815] WARNING:  could not open statistics file "pg_stat_tmp/global.stat": Operation not permitted
2023-11-21 13:02:14.566 UTC [1815] WARNING:  could not open statistics file "pg_stat_tmp/global.stat": Operation not permitted
2023-11-21 13:29:15.197 UTC [1815] WARNING:  could not open statistics file "pg_stat_tmp/global.stat": Operation not permitted
2023-11-21 13:31:54.836 UTC [1815] WARNING:  could not open statistics file "pg_stat_tmp/global.stat": Operation not permitted
2023-11-21 13:41:35.510 UTC [1815] WARNING:  could not open statistics file "pg_stat_tmp/global.stat": Operation not permitted
2023-11-21 13:45:35.577 UTC [1815] WARNING:  could not open statistics file "pg_stat_tmp/global.stat": Operation not permitted
2023-11-21 13:59:15.771 UTC [1815] WARNING:  could not open statistics file "pg_stat_tmp/global.stat": Operation not permitted
2023-11-21 13:59:55.277 UTC [1815] WARNING:  could not open statistics file "pg_stat_tmp/global.stat": Operation not permitted
2023-11-21 14:01:15.801 UTC [1815] WARNING:  could not open statistics file "pg_stat_tmp/global.stat": Operation not permitted
2023-11-21 14:24:36.272 UTC [1815] WARNING:  could not open statistics file "pg_stat_tmp/global.stat": Operation not permitted
2023-11-21 14:29:36.350 UTC [1815] WARNING:  could not open statistics file "pg_stat_tmp/global.stat": Operation not permitted
2023-11-21 14:30:55.782 UTC [1815] WARNING:  could not open statistics file "pg_stat_tmp/global.stat": Operation not permitted
2023-11-21 14:59:36.816 UTC [1815] WARNING:  could not open statistics file "pg_stat_tmp/global.stat": Operation not permitted
2023-11-21 15:08:36.992 UTC [1815] WARNING:  could not open statistics file "pg_stat_tmp/global.stat": Operation not permitted
2023-11-21 15:21:56.688 UTC [1815] WARNING:  could not open statistics file "pg_stat_tmp/global.stat": Operation not permitted
2023-11-21 15:25:37.294 UTC [1815] WARNING:  could not open statistics file "pg_stat_tmp/global.stat": Operation not permitted
2023-11-21 15:27:37.314 UTC [1815] WARNING:  could not open statistics file "pg_stat_tmp/global.stat": Operation not permitted
2023-11-21 15:33:37.444 UTC [1815] WARNING:  could not open statistics file "pg_stat_tmp/global.stat": Operation not permitted
2023-11-21 15:51:57.285 UTC [1815] WARNING:  could not open statistics file "pg_stat_tmp/global.stat": Operation not permitted
2023-11-21 15:59:17.783 UTC [1815] WARNING:  could not open statistics file "pg_stat_tmp/global.stat": Operation not permitted
2023-11-21 16:15:38.058 UTC [1815] WARNING:  could not open statistics file "pg_stat_tmp/global.stat": Operation not permitted
2023-11-21 16:25:18.299 UTC [1815] WARNING:  could not open statistics file "pg_stat_tmp/global.stat": Operation not permitted
2023-11-21 16:29:38.269 UTC [1815] WARNING:  could not open statistics file "pg_stat_tmp/global.stat": Operation not permitted
2023-11-21 16:37:18.463 UTC [1815] WARNING:  could not open statistics file "pg_stat_tmp/global.stat": Operation not permitted
2023-11-21 16:37:38.399 UTC [1815] WARNING:  could not open statistics file "pg_stat_tmp/global.stat": Operation not permitted
2023-11-21 16:51:18.785 UTC [1815] WARNING:  could not open statistics file "pg_stat_tmp/global.stat": Operation not permitted
2023-11-21 17:07:38.969 UTC [1815] WARNING:  could not open statistics file "pg_stat_tmp/global.stat": Operation not permitted
2023-11-21 17:10:19.111 UTC [1815] WARNING:  could not open statistics file "pg_stat_tmp/global.stat": Operation not permitted
2023-11-21 17:17:19.212 UTC [1815] WARNING:  could not open statistics file "pg_stat_tmp/global.stat": Operation not permitted
2023-11-21 17:17:39.161 UTC [1815] WARNING:  could not open statistics file "pg_stat_tmp/global.stat": Operation not permitted
2023-11-21 18:25:05.070 UTC [1815] WARNING:  could not open statistics file "pg_stat_tmp/global.stat": Operation not permitted
2023-11-21 18:29:05.210 UTC [1815] WARNING:  could not open statistics file "pg_stat_tmp/global.stat": Operation not permitted
2023-11-21 18:36:05.336 UTC [1815] WARNING:  could not open statistics file "pg_stat_tmp/global.stat": Operation not permitted
2023-11-21 19:11:46.600 UTC [1815] WARNING:  could not open statistics file "pg_stat_tmp/global.stat": Operation not permitted
2023-11-21 19:14:16.191 UTC [1815] WARNING:  could not open statistics file "pg_stat_tmp/global.stat": Operation not permitted
2023-11-21 19:31:34.089 UTC [45445] WARNING:  could not open statistics file "pg_stat_tmp/global.stat": Operation not permitted
2023-11-21 19:43:06.113 UTC [45546] WARNING:  could not open statistics file "pg_stat_tmp/global.stat": Operation not permitted
2023-11-21 19:49:06.126 UTC [45817] WARNING:  could not open statistics file "pg_stat_tmp/global.stat": Operation not permitted
2023-11-21 20:30:43.326 UTC [47593] WARNING:  could not open statistics file "pg_stat_tmp/global.stat": Operation not permitted
2023-11-21 20:37:03.143 UTC [47888] WARNING:  could not open statistics file "pg_stat_tmp/global.stat": Operation not permitted
2023-11-21 20:40:03.175 UTC [1815] WARNING:  could not open statistics file "pg_stat_tmp/global.stat": Operation not permitted
2023-11-22 04:59:15.357 UTC [48734] WARNING:  could not open statistics file "pg_stat_tmp/global.stat": Operation not permitted
2023-11-22 05:55:07.546 UTC [1815] WARNING:  could not open statistics file "pg_stat_tmp/global.stat": Operation not permitted
2023-11-22 06:33:24.772 UTC [49053] WARNING:  could not open statistics file "pg_stat_tmp/global.stat": Operation not permitted
2023-11-22 06:36:04.821 UTC [49181] WARNING:  could not open statistics file "pg_stat_tmp/global.stat": Operation not permitted
2023-11-22 06:38:24.814 UTC [1815] WARNING:  could not open statistics file "pg_stat_tmp/global.stat": Operation not permitted
2023-11-22 06:45:24.973 UTC [49695] WARNING:  could not open statistics file "pg_stat_tmp/global.stat": Operation not permitted
2023-11-22 07:16:45.564 UTC [51325] WARNING:  could not open statistics file "pg_stat_tmp/global.stat": Operation not permitted
2023-11-22 07:31:25.780 UTC [52013] WARNING:  could not open statistics file "pg_stat_tmp/global.stat": Operation not permitted
2023-11-22 07:44:25.983 UTC [52618] WARNING:  could not open statistics file "pg_stat_tmp/global.stat": Operation not permitted
2023-11-22 07:46:26.003 UTC [52712] WARNING:  could not open statistics file "pg_stat_tmp/global.stat": Operation not permitted
2023-11-22 07:48:26.044 UTC [52810] WARNING:  could not open statistics file "pg_stat_tmp/global.stat": Operation not permitted
2023-11-22 07:50:06.115 UTC [52892] WARNING:  could not open statistics file "pg_stat_tmp/global.stat": Operation not permitted
2023-11-22 07:54:26.101 UTC [53091] WARNING:  could not open statistics file "pg_stat_tmp/global.stat": Operation not permitted
2023-11-22 08:19:26.459 UTC [54253] WARNING:  could not open statistics file "pg_stat_tmp/global.stat": Operation not permitted
2023-11-22 08:24:06.908 UTC [54466] WARNING:  could not open statistics file "pg_stat_tmp/global.stat": Operation not permitted
2023-11-22 08:52:34.929 UTC [55391] WARNING:  could not open statistics file "pg_stat_tmp/global.stat": Operation not permitted
2023-11-22 10:09:10.847 UTC [1815] WARNING:  could not open statistics file "pg_stat_tmp/global.stat": Operation not permitted
2023-11-22 10:10:30.764 UTC [1815] WARNING:  could not open statistics file "pg_stat_tmp/global.stat": Operation not permitted
2023-11-22 10:10:50.767 UTC [1815] WARNING:  could not open statistics file "pg_stat_tmp/global.stat": Operation not permitted
2023-11-22 10:23:58.495 UTC [1815] WARNING:  could not open statistics file "pg_stat_tmp/global.stat": Operation not permitted
2023-11-22 10:50:30.906 UTC [1815] WARNING:  could not open statistics file "pg_stat_tmp/global.stat": Operation not permitted
2023-11-22 11:13:11.260 UTC [1815] WARNING:  could not open statistics file "pg_stat_tmp/global.stat": Operation not permitted
2023-11-22 11:22:31.421 UTC [1815] WARNING:  could not open statistics file "pg_stat_tmp/global.stat": Operation not permitted
2023-11-22 11:25:31.481 UTC [1815] WARNING:  could not open statistics file "pg_stat_tmp/global.stat": Operation not permitted
2023-11-22 11:37:11.659 UTC [1815] WARNING:  could not open statistics file "pg_stat_tmp/global.stat": Operation not permitted
2023-11-22 12:07:52.216 UTC [1815] WARNING:  could not open statistics file "pg_stat_tmp/global.stat": Operation not permitted
2023-11-22 12:16:52.431 UTC [62045] WARNING:  could not open statistics file "pg_stat_tmp/global.stat": Operation not permitted
2023-11-22 12:42:52.862 UTC [1815] WARNING:  could not open statistics file "pg_stat_tmp/global.stat": Operation not permitted
2023-11-22 12:47:52.913 UTC [1815] WARNING:  could not open statistics file "pg_stat_tmp/global.stat": Operation not permitted
2023-11-22 12:57:13.207 UTC [1815] WARNING:  could not open statistics file "pg_stat_tmp/global.stat": Operation not permitted
2023-11-22 13:15:05.677 UTC [1815] WARNING:  could not open statistics file "pg_stat_tmp/global.stat": Operation not permitted
2023-11-22 13:18:05.720 UTC [1815] WARNING:  could not open statistics file "pg_stat_tmp/global.stat": Operation not permitted
2023-11-22 13:35:06.015 UTC [1815] WARNING:  could not open statistics file "pg_stat_tmp/global.stat": Operation not permitted
2023-11-22 13:35:25.934 UTC [1815] WARNING:  could not open statistics file "pg_stat_tmp/global.stat": Operation not permitted
2023-11-22 13:35:45.926 UTC [1815] WARNING:  could not open statistics file "pg_stat_tmp/global.stat": Operation not permitted
2023-11-22 13:42:46.012 UTC [1815] WARNING:  could not open statistics file "pg_stat_tmp/global.stat": Operation not permitted
2023-11-22 13:43:46.029 UTC [1815] WARNING:  could not open statistics file "pg_stat_tmp/global.stat": Operation not permitted
2023-11-22 13:52:26.182 UTC [1815] WARNING:  could not open statistics file "pg_stat_tmp/global.stat": Operation not permitted
2023-11-22 13:52:46.147 UTC [1815] WARNING:  could not open statistics file "pg_stat_tmp/global.stat": Operation not permitted
2023-11-22 13:57:06.360 UTC [1815] WARNING:  could not open statistics file "pg_stat_tmp/global.stat": Operation not permitted
2023-11-22 14:13:06.698 UTC [1815] WARNING:  could not open statistics file "pg_stat_tmp/global.stat": Operation not permitted
2023-11-22 14:16:26.628 UTC [67582] WARNING:  could not open statistics file "pg_stat_tmp/global.stat": Operation not permitted
2023-11-22 14:52:27.164 UTC [69270] WARNING:  could not open statistics file "pg_stat_tmp/global.stat": Operation not permitted
2023-11-22 15:02:47.316 UTC [1815] WARNING:  could not open statistics file "pg_stat_tmp/global.stat": Operation not permitted
2023-11-22 15:05:07.458 UTC [1815] WARNING:  could not open statistics file "pg_stat_tmp/global.stat": Operation not permitted
2023-11-22 15:05:47.364 UTC [1815] WARNING:  could not open statistics file "pg_stat_tmp/global.stat": Operation not permitted
2023-11-22 15:15:47.513 UTC [1815] WARNING:  could not open statistics file "pg_stat_tmp/global.stat": Operation not permitted
2023-11-22 15:18:07.634 UTC [1815] WARNING:  could not open statistics file "pg_stat_tmp/global.stat": Operation not permitted
2023-11-22 15:25:27.821 UTC [1815] WARNING:  could not open statistics file "pg_stat_tmp/global.stat": Operation not permitted
2023-11-22 15:27:07.720 UTC [1815] WARNING:  could not open statistics file "pg_stat_tmp/global.stat": Operation not permitted
2023-11-22 15:34:47.820 UTC [1815] WARNING:  could not open statistics file "pg_stat_tmp/global.stat": Operation not permitted
2023-11-22 15:39:28.014 UTC [1815] WARNING:  could not open statistics file "pg_stat_tmp/global.stat": Operation not permitted
2023-11-22 16:08:08.444 UTC [1815] WARNING:  could not open statistics file "pg_stat_tmp/global.stat": Operation not permitted
2023-11-22 16:09:28.473 UTC [1815] WARNING:  could not open statistics file "pg_stat_tmp/global.stat": Operation not permitted
2023-11-22 16:34:28.861 UTC [1815] WARNING:  could not open statistics file "pg_stat_tmp/global.stat": Operation not permitted
2023-11-22 16:43:29.011 UTC [1815] WARNING:  could not open statistics file "pg_stat_tmp/global.stat": Operation not permitted
2023-11-22 16:44:29.032 UTC [1815] WARNING:  could not open statistics file "pg_stat_tmp/global.stat": Operation not permitted
2023-11-22 16:51:01.646 UTC [74727] WARNING:  could not open statistics file "pg_stat_tmp/global.stat": Operation not permitted
2023-11-22 16:54:41.749 UTC [1815] WARNING:  could not open statistics file "pg_stat_tmp/global.stat": Operation not permitted
2023-11-22 16:59:41.821 UTC [1815] WARNING:  could not open statistics file "pg_stat_tmp/global.stat": Operation not permitted
2023-11-22 17:00:41.841 UTC [1815] WARNING:  could not open statistics file "pg_stat_tmp/global.stat": Operation not permitted
2023-11-22 17:03:21.807 UTC [1815] WARNING:  could not open statistics file "pg_stat_tmp/global.stat": Operation not permitted
2023-11-22 19:15:58.353 UTC [76654] WARNING:  could not open statistics file "pg_stat_tmp/global.stat": Operation not permitted
2023-11-22 19:23:38.507 UTC [77017] WARNING:  could not open statistics file "pg_stat_tmp/global.stat": Operation not permitted
2023-11-23 04:47:56.813 UTC [77518] WARNING:  could not open statistics file "pg_stat_tmp/global.stat": Operation not permitted
2023-11-23 04:48:16.744 UTC [77540] WARNING:  could not open statistics file "pg_stat_tmp/global.stat": Operation not permitted
2023-11-23 04:51:56.761 UTC [77713] WARNING:  could not open statistics file "pg_stat_tmp/global.stat": Operation not permitted
2023-11-23 04:54:56.900 UTC [77855] WARNING:  could not open statistics file "pg_stat_tmp/global.stat": Operation not permitted
2023-11-23 05:04:16.990 UTC [78294] WARNING:  could not open statistics file "pg_stat_tmp/global.stat": Operation not permitted
2023-11-23 05:11:17.107 UTC [78614] WARNING:  could not open statistics file "pg_stat_tmp/global.stat": Operation not permitted
2023-11-23 05:36:37.443 UTC [1815] WARNING:  could not open statistics file "pg_stat_tmp/global.stat": Operation not permitted
2023-11-23 05:40:37.493 UTC [1815] WARNING:  could not open statistics file "pg_stat_tmp/global.stat": Operation not permitted
2023-11-23 05:46:37.593 UTC [1815] WARNING:  could not open statistics file "pg_stat_tmp/global.stat": Operation not permitted
2023-11-23 05:53:17.650 UTC [1815] WARNING:  could not open statistics file "pg_stat_tmp/global.stat": Operation not permitted
2023-11-23 05:59:37.786 UTC [1815] WARNING:  could not open statistics file "pg_stat_tmp/global.stat": Operation not permitted
2023-11-23 06:01:57.858 UTC [1815] WARNING:  could not open statistics file "pg_stat_tmp/global.stat": Operation not permitted
2023-11-23 06:16:58.089 UTC [1815] WARNING:  could not open statistics file "pg_stat_tmp/global.stat": Operation not permitted
2023-11-23 06:32:58.353 UTC [1815] WARNING:  could not open statistics file "pg_stat_tmp/global.stat": Operation not permitted
2023-11-23 06:56:18.587 UTC [1815] WARNING:  could not open statistics file "pg_stat_tmp/global.stat": Operation not permitted
2023-11-23 06:59:58.738 UTC [1815] WARNING:  could not open statistics file "pg_stat_tmp/global.stat": Operation not permitted
2023-11-23 07:07:38.971 UTC [1815] WARNING:  could not open statistics file "pg_stat_tmp/global.stat": Operation not permitted
2023-11-23 07:29:59.407 UTC [85179] WARNING:  could not open statistics file "pg_stat_tmp/global.stat": Operation not permitted
2023-11-23 08:04:39.901 UTC [1815] WARNING:  could not open statistics file "pg_stat_tmp/global.stat": Operation not permitted
2023-11-23 08:28:40.300 UTC [1815] WARNING:  could not open statistics file "pg_stat_tmp/global.stat": Operation not permitted
2023-11-23 08:35:00.480 UTC [1815] WARNING:  could not open statistics file "pg_stat_tmp/global.stat": Operation not permitted
2023-11-23 08:44:20.283 UTC [1815] WARNING:  could not open statistics file "pg_stat_tmp/global.stat": Operation not permitted
2023-11-23 08:45:40.646 UTC [1815] WARNING:  could not open statistics file "pg_stat_tmp/global.stat": Operation not permitted
2023-11-23 08:48:20.336 UTC [1815] WARNING:  could not open statistics file "pg_stat_tmp/global.stat": Operation not permitted
2023-11-23 08:48:40.684 UTC [1815] WARNING:  could not open statistics file "pg_stat_tmp/global.stat": Operation not permitted
2023-11-23 08:56:20.444 UTC [1815] WARNING:  could not open statistics file "pg_stat_tmp/global.stat": Operation not permitted
2023-11-23 09:03:01.186 UTC [1815] WARNING:  could not open statistics file "pg_stat_tmp/global.stat": Operation not permitted
2023-11-23 09:03:20.563 UTC [1815] WARNING:  could not open statistics file "pg_stat_tmp/global.stat": Operation not permitted
2023-11-23 09:07:20.608 UTC [1815] WARNING:  could not open statistics file "pg_stat_tmp/global.stat": Operation not permitted
2023-11-23 09:17:20.762 UTC [1815] WARNING:  could not open statistics file "pg_stat_tmp/global.stat": Operation not permitted
2023-11-23 09:20:41.125 UTC [1815] WARNING:  could not open statistics file "pg_stat_tmp/global.stat": Operation not permitted
2023-11-23 09:25:01.601 UTC [1815] WARNING:  could not open statistics file "pg_stat_tmp/global.stat": Operation not permitted
2023-11-23 09:34:01.831 UTC [1815] WARNING:  could not open statistics file "pg_stat_tmp/global.stat": Operation not permitted
2023-11-23 09:44:02.032 UTC [1815] WARNING:  could not open statistics file "pg_stat_tmp/global.stat": Operation not permitted
2023-11-23 09:48:02.116 UTC [1815] WARNING:  could not open statistics file "pg_stat_tmp/global.stat": Operation not permitted
2023-11-23 09:48:21.199 UTC [1815] WARNING:  could not open statistics file "pg_stat_tmp/global.stat": Operation not permitted
2023-11-23 09:56:21.315 UTC [1815] WARNING:  could not open statistics file "pg_stat_tmp/global.stat": Operation not permitted
2023-11-23 10:07:41.881 UTC [1815] WARNING:  could not open statistics file "pg_stat_tmp/global.stat": Operation not permitted
2023-11-23 10:08:41.900 UTC [1815] WARNING:  could not open statistics file "pg_stat_tmp/global.stat": Operation not permitted
2023-11-23 10:11:02.605 UTC [1815] WARNING:  could not open statistics file "pg_stat_tmp/global.stat": Operation not permitted
2023-11-23 10:17:21.728 UTC [1815] WARNING:  could not open statistics file "pg_stat_tmp/global.stat": Operation not permitted
2023-11-23 10:50:22.271 UTC [1815] WARNING:  could not open statistics file "pg_stat_tmp/global.stat": Operation not permitted
2023-11-23 10:51:03.255 UTC [1815] WARNING:  could not open statistics file "pg_stat_tmp/global.stat": Operation not permitted
2023-11-23 11:01:03.465 UTC [1815] WARNING:  could not open statistics file "pg_stat_tmp/global.stat": Operation not permitted
2023-11-23 11:14:03.709 UTC [1815] WARNING:  could not open statistics file "pg_stat_tmp/global.stat": Operation not permitted
2023-11-23 11:17:03.850 UTC [1815] WARNING:  could not open statistics file "pg_stat_tmp/global.stat": Operation not permitted
2023-11-23 11:19:22.700 UTC [1815] WARNING:  could not open statistics file "pg_stat_tmp/global.stat": Operation not permitted
2023-11-23 11:37:43.445 UTC [1815] WARNING:  could not open statistics file "pg_stat_tmp/global.stat": Operation not permitted
2023-11-23 11:42:43.552 UTC [1815] WARNING:  could not open statistics file "pg_stat_tmp/global.stat": Operation not permitted
2023-11-23 11:49:43.739 UTC [1815] WARNING:  could not open statistics file "pg_stat_tmp/global.stat": Operation not permitted
2023-11-23 11:51:23.171 UTC [1815] WARNING:  could not open statistics file "pg_stat_tmp/global.stat": Operation not permitted
2023-11-23 11:55:23.215 UTC [1815] WARNING:  could not open statistics file "pg_stat_tmp/global.stat": Operation not permitted
2023-11-23 11:57:43.897 UTC [1815] WARNING:  could not open statistics file "pg_stat_tmp/global.stat": Operation not permitted
2023-11-23 12:01:43.954 UTC [1815] WARNING:  could not open statistics file "pg_stat_tmp/global.stat": Operation not permitted
2023-11-23 12:04:04.730 UTC [1815] WARNING:  could not open statistics file "pg_stat_tmp/global.stat": Operation not permitted
2023-11-23 12:43:23.583 UTC [1815] WARNING:  could not open statistics file "pg_stat_tmp/global.stat": Operation not permitted
2023-11-23 12:56:23.771 UTC [1815] WARNING:  could not open statistics file "pg_stat_tmp/global.stat": Operation not permitted
2023-11-23 13:13:04.112 UTC [1815] WARNING:  could not open statistics file "pg_stat_tmp/global.stat": Operation not permitted
2023-11-23 13:20:44.344 UTC [1815] WARNING:  could not open statistics file "pg_stat_tmp/global.stat": Operation not permitted
2023-11-23 13:24:44.417 UTC [1815] WARNING:  could not open statistics file "pg_stat_tmp/global.stat": Operation not permitted
2023-11-23 13:53:24.705 UTC [1815] WARNING:  could not open statistics file "pg_stat_tmp/global.stat": Operation not permitted
2023-11-23 13:56:24.746 UTC [1815] WARNING:  could not open statistics file "pg_stat_tmp/global.stat": Operation not permitted
2023-11-23 14:01:05.014 UTC [1815] WARNING:  could not open statistics file "pg_stat_tmp/global.stat": Operation not permitted
2023-11-23 14:30:25.426 UTC [1815] WARNING:  could not open statistics file "pg_stat_tmp/global.stat": Operation not permitted
2023-11-23 14:31:25.445 UTC [1815] WARNING:  could not open statistics file "pg_stat_tmp/global.stat": Operation not permitted
2023-11-23 14:32:45.657 UTC [1815] WARNING:  could not open statistics file "pg_stat_tmp/global.stat": Operation not permitted
2023-11-23 14:44:05.642 UTC [1815] WARNING:  could not open statistics file "pg_stat_tmp/global.stat": Operation not permitted
2023-11-23 15:01:46.025 UTC [1815] WARNING:  could not open statistics file "pg_stat_tmp/global.stat": Operation not permitted
2023-11-23 15:09:46.179 UTC [1815] WARNING:  could not open statistics file "pg_stat_tmp/global.stat": Operation not permitted
2023-11-23 15:12:26.106 UTC [1815] WARNING:  could not open statistics file "pg_stat_tmp/global.stat": Operation not permitted
2023-11-23 15:13:26.172 UTC [6754] WARNING:  could not open statistics file "pg_stat_tmp/global.stat": Operation not permitted
2023-11-23 15:16:06.123 UTC [1815] WARNING:  could not open statistics file "pg_stat_tmp/global.stat": Operation not permitted
2023-11-23 15:18:06.136 UTC [1815] WARNING:  could not open statistics file "pg_stat_tmp/global.stat": Operation not permitted
2023-11-23 15:18:46.339 UTC [1815] WARNING:  could not open statistics file "pg_stat_tmp/global.stat": Operation not permitted
2023-11-23 15:37:26.538 UTC [1815] WARNING:  could not open statistics file "pg_stat_tmp/global.stat": Operation not permitted
2023-11-23 15:44:26.635 UTC [1815] WARNING:  could not open statistics file "pg_stat_tmp/global.stat": Operation not permitted
2023-11-23 15:49:06.702 UTC [1815] WARNING:  could not open statistics file "pg_stat_tmp/global.stat": Operation not permitted
2023-11-23 15:51:26.747 UTC [1815] WARNING:  could not open statistics file "pg_stat_tmp/global.stat": Operation not permitted
2023-11-23 15:57:26.840 UTC [1815] WARNING:  could not open statistics file "pg_stat_tmp/global.stat": Operation not permitted
2023-11-23 15:59:47.045 UTC [1815] WARNING:  could not open statistics file "pg_stat_tmp/global.stat": Operation not permitted
2023-11-23 16:17:27.281 UTC [1815] WARNING:  could not open statistics file "pg_stat_tmp/global.stat": Operation not permitted
2023-11-23 16:18:07.152 UTC [1815] WARNING:  could not open statistics file "pg_stat_tmp/global.stat": Operation not permitted
2023-11-23 16:33:27.536 UTC [1815] WARNING:  could not open statistics file "pg_stat_tmp/global.stat": Operation not permitted
2023-11-23 17:07:28.219 UTC [1815] WARNING:  could not open statistics file "pg_stat_tmp/global.stat": Operation not permitted
2023-11-23 17:10:28.265 UTC [1815] WARNING:  could not open statistics file "pg_stat_tmp/global.stat": Operation not permitted
2023-11-23 17:19:08.131 UTC [1815] WARNING:  could not open statistics file "pg_stat_tmp/global.stat": Operation not permitted
2023-11-23 18:00:29.187 UTC [1815] WARNING:  could not open statistics file "pg_stat_tmp/global.stat": Operation not permitted
2023-11-23 18:05:08.946 UTC [1815] WARNING:  could not open statistics file "pg_stat_tmp/global.stat": Operation not permitted
2023-11-23 18:05:29.263 UTC [1815] WARNING:  could not open statistics file "pg_stat_tmp/global.stat": Operation not permitted
2023-11-23 18:10:08.999 UTC [1815] WARNING:  could not open statistics file "pg_stat_tmp/global.stat": Operation not permitted
2023-11-23 18:15:09.245 UTC [1815] WARNING:  could not open statistics file "pg_stat_tmp/global.stat": Operation not permitted
2023-11-23 18:28:49.393 UTC [1815] WARNING:  could not open statistics file "pg_stat_tmp/global.stat": Operation not permitted
2023-11-23 18:30:29.659 UTC [1815] WARNING:  could not open statistics file "pg_stat_tmp/global.stat": Operation not permitted
2023-11-23 18:33:49.471 UTC [1815] WARNING:  could not open statistics file "pg_stat_tmp/global.stat": Operation not permitted
2023-11-23 18:39:49.644 UTC [1815] WARNING:  could not open statistics file "pg_stat_tmp/global.stat": Operation not permitted
2023-11-23 18:46:49.710 UTC [1815] WARNING:  could not open statistics file "pg_stat_tmp/global.stat": Operation not permitted
2023-11-23 19:12:10.308 UTC [1815] WARNING:  could not open statistics file "pg_stat_tmp/global.stat": Operation not permitted
2023-11-23 19:14:30.337 UTC [1815] WARNING:  could not open statistics file "pg_stat_tmp/global.stat": Operation not permitted
2023-11-23 19:19:50.204 UTC [1815] WARNING:  could not open statistics file "pg_stat_tmp/global.stat": Operation not permitted
2023-11-23 19:36:10.876 UTC [1815] WARNING:  could not open statistics file "pg_stat_tmp/global.stat": Operation not permitted
2023-11-23 19:39:30.729 UTC [1815] WARNING:  could not open statistics file "pg_stat_tmp/global.stat": Operation not permitted
2023-11-23 19:53:30.963 UTC [1815] WARNING:  could not open statistics file "pg_stat_tmp/global.stat": Operation not permitted
2023-11-23 19:55:30.997 UTC [1815] WARNING:  could not open statistics file "pg_stat_tmp/global.stat": Operation not permitted
2023-11-23 20:05:31.240 UTC [1815] WARNING:  could not open statistics file "pg_stat_tmp/global.stat": Operation not permitted
2023-11-23 20:17:31.360 UTC [1815] WARNING:  could not open statistics file "pg_stat_tmp/global.stat": Operation not permitted
2023-11-23 20:28:31.543 UTC [1815] WARNING:  could not open statistics file "pg_stat_tmp/global.stat": Operation not permitted
2023-11-23 20:50:12.298 UTC [1815] WARNING:  could not open statistics file "pg_stat_tmp/global.stat": Operation not permitted
2023-11-23 20:56:12.485 UTC [1815] WARNING:  could not open statistics file "pg_stat_tmp/global.stat": Operation not permitted
2023-11-23 21:24:35.752 UTC [23898] WARNING:  could not open statistics file "pg_stat_tmp/global.stat": Operation not permitted
2023-11-23 21:25:36.065 UTC [23946] WARNING:  could not open statistics file "pg_stat_tmp/global.stat": Operation not permitted
2023-11-23 21:32:50.552 UTC [1815] WARNING:  could not open statistics file "pg_stat_tmp/global.stat": Operation not permitted
2023-11-23 21:40:10.706 UTC [1815] WARNING:  could not open statistics file "pg_stat_tmp/global.stat": Operation not permitted
