Load environment configuration
mkdir: created directory '/appsmith-stacks/git-storage'
RTS version v1.9.46 running at http://localhost:8091
ns:/# socket doQTwipy1_Sv3OwzAAAE joined the room app:655bd262ff3f885ea105f2f0
ns:/# socket doQTwipy1_Sv3OwzAAAE left the room app:655bd262ff3f885ea105f2f0
ns:/# socket doQTwipy1_Sv3OwzAAAE joined the room app:655bd262ff3f885ea105f2f0
ns:/# socket doQTwipy1_Sv3OwzAAAE left the room app:655bd262ff3f885ea105f2f0
ns:/# socket 2cEINWrMZmY7VGY5AAAH joined the room app:655bd262ff3f885ea105f2f0
ns:/# socket 2cEINWrMZmY7VGY5AAAH left the room app:655bd262ff3f885ea105f2f0
ns:/# socket yVvMyIB6zDhOAtC9AAAK joined the room app:655bd262ff3f885ea105f2f0
ns:/# socket yVvMyIB6zDhOAtC9AAAK left the room app:655bd262ff3f885ea105f2f0
ns:/# socket HpuJhVHsQ-SQVI7zAAAN joined the room app:655bd262ff3f885ea105f2f0
ns:/# socket HpuJhVHsQ-SQVI7zAAAN left the room app:655bd262ff3f885ea105f2f0
ns:/# socket DmANkfnF2Huo3pmnAAAQ joined the room app:655bd262ff3f885ea105f2f0
ns:/# socket DmANkfnF2Huo3pmnAAAQ left the room app:655bd262ff3f885ea105f2f0
ns:/# socket WUgfW--ABn11iGrcAAAT joined the room app:655bd262ff3f885ea105f2f0
ns:/# socket WUgfW--ABn11iGrcAAAT left the room app:655bd262ff3f885ea105f2f0
ns:/# socket 6Gq-c-Uy-2SFeJS3AAAW joined the room app:655bd262ff3f885ea105f2f0
ns:/# socket 6Gq-c-Uy-2SFeJS3AAAW left the room app:655bd262ff3f885ea105f2f0
ns:/# socket 3AljAUWD3UQmZlIXAAAZ joined the room app:655bd262ff3f885ea105f2f0
ns:/# socket 3AljAUWD3UQmZlIXAAAZ left the room app:655bd262ff3f885ea105f2f0
ns:/# socket QEt7NAGGkIz_oFXeAAAc joined the room app:655bd262ff3f885ea105f2f0
ns:/# socket QEt7NAGGkIz_oFXeAAAc left the room app:655bd262ff3f885ea105f2f0
ns:/# socket fi8c0UJirLdc9jG5AAAf joined the room app:655bd262ff3f885ea105f2f0
ns:/# socket fi8c0UJirLdc9jG5AAAf left the room app:655bd262ff3f885ea105f2f0
ns:/# socket 5LtqXJP-Pbyead07AAAi joined the room app:655bd262ff3f885ea105f2f0
ns:/# socket 5LtqXJP-Pbyead07AAAi left the room app:655bd262ff3f885ea105f2f0
ns:/# socket u8HQP3NhAp5dzlDPAAAl joined the room app:655bd262ff3f885ea105f2f0
ns:/# socket u8HQP3NhAp5dzlDPAAAl left the room app:655bd262ff3f885ea105f2f0
ns:/# socket 6SSNoj35L85sk61YAAAo joined the room app:655bd262ff3f885ea105f2f0
ns:/# socket 6SSNoj35L85sk61YAAAo left the room app:655bd262ff3f885ea105f2f0
ns:/# socket kTimL00oCNGTIzU1AAAr joined the room app:655bd262ff3f885ea105f2f0
ns:/# socket kTimL00oCNGTIzU1AAAr left the room app:655bd262ff3f885ea105f2f0
ns:/# socket Uy_zhHkoCuSgtJtjAAAu joined the room app:655bd262ff3f885ea105f2f0
ns:/# socket Uy_zhHkoCuSgtJtjAAAu left the room app:655bd262ff3f885ea105f2f0
ns:/# socket eIw2dMaLNbnRrwfgAAAx joined the room app:655bd262ff3f885ea105f2f0
ns:/# socket eIw2dMaLNbnRrwfgAAAx left the room app:655bd262ff3f885ea105f2f0
ns:/# socket 1rUc4Cih3zBWjWA1AAA0 joined the room app:655bd262ff3f885ea105f2f0
ns:/# socket 1rUc4Cih3zBWjWA1AAA0 left the room app:655bd262ff3f885ea105f2f0
